<?xml version="1.0" encoding="utf-8"?><testsuites><testsuite name="pytest" errors="0" failures="0" skipped="0" tests="6" time="0.197" timestamp="2023-06-26T08:26:14.234517" hostname="DESKTOP-TS9TFGQ"><testcase classname="tests.test_bytebank.TestClass" name="test_quando_idade_recebe_06_09_2001_retornar_22" time="0.005" /><testcase classname="tests.test_bytebank.TestClass" name="test_quando_sobre_nome_recebe_Pollyana_Rocha_deve_retornar_Rocha" time="0.002" /><testcase classname="tests.test_bytebank.TestClass" name="test_quando_decrescimo_salario_recebe_100000_deve_retornar_90000" time="0.001" /><testcase classname="tests.test_bytebank.TestClass" name="test_quando_funcionario_recebe_1000_deve_receber_bonus_10_porcentos" time="0.002" /><testcase classname="tests.test_bytebank.TestClass" name="test_quando_funcionario_recebe_10000_retornar_exeption" time="0.006" /><testcase classname="tests.test_bytebank.TestClass" name="test_retorno_str" time="0.002" /></testsuite></testsuites>